#
# A fatal error has been detected by the Java Runtime Environment:
#
#  SIGBUS (0xa) at pc=0x000000010c864e92, pid=12053, tid=0x000000000000950b
#
# JRE version: Java(TM) SE Runtime Environment (8.0_111-b14) (build 1.8.0_111-b14)
# Java VM: Java HotSpot(TM) 64-Bit Server VM (25.111-b14 mixed mode bsd-amd64 compressed oops)
# Problematic frame:
# C  [libzip.dylib+0x2e92]  newEntry+0x154
#
# Failed to write core dump. Core dumps have been disabled. To enable core dumping, try "ulimit -c unlimited" before starting Java again
#
# If you would like to submit a bug report, please visit:
#   http://bugreport.java.com/bugreport/crash.jsp
# The crash happened outside the Java Virtual Machine in native code.
# See problematic frame for where to report the bug.
#

---------------  T H R E A D  ---------------

Current thread (0x00007fd986800000):  JavaThread "Thread-11" [_thread_in_native, id=38155, stack(0x000070000d744000,0x000070000d844000)]

siginfo: si_signo: 10 (SIGBUS), si_code: 2 (BUS_ADRERR), si_addr: 0x00000001122d9485

Registers:
RAX=0x00007fd980d1f920, RBX=0x00000001122d9479, RCX=0x0000000000000001, RDX=0x0000000000000200
RSP=0x000070000d841440, RBP=0x000070000d8414a0, RSI=0x0000000000100000, RDI=0x000000000000022f
R8 =0x0000000000000048, R9 =0x00007fd980c22ef0, R10=0x00000000fff00000, R11=0x0000000000000001
R12=0x0000000112373000, R13=0x0000000000018dc0, R14=0x000000009ac6435b, R15=0x00007fd982b14520
RIP=0x000000010c864e92, EFLAGS=0x0000000000010202, ERR=0x0000000000000004
  TRAPNO=0x000000000000000e

Top of Stack: (sp=0x000070000d841440)
0x000070000d841440:   000070000d841490 00000000cf80a438
0x000070000d841450:   000070000d841618 0000000000000000
0x000070000d841460:   000070000d841480 00007fd980d1f920
0x000070000d841470:   00007fd980c22ef0 00007fd980d1f920
0x000070000d841480:   0000000112373000 0000000000018dc0
0x000070000d841490:   000000009ac6435b 00007fd982b14520
0x000070000d8414a0:   000070000d841500 000000010c86552d
0x000070000d8414b0:   000070000d84154a 000070000d841549
0x000070000d8414c0:   0000002a00000000 0000002b01800000
0x000070000d8414d0:   000070000d84151e 000070000d841968
0x000070000d8414e0:   000000000000002b 000070000d84151e
0x000070000d8414f0:   00007fd980d1f920 00007fd9868001f8
0x000070000d841500:   000070000d841950 000000010c864238
0x000070000d841510:   000070000d8416d8 726f000000000001
0x000070000d841520:   7370696c63652f67 2f797474656a2f65
0x000070000d841530:   7475462f6c697475 626c6c6143657275
0x000070000d841540:   73616c632e6b6361 0000000000000073
0x000070000d841550:   000070000d841940 00007fffcf81498b
0x000070000d841560:   00007fffd85c56b8 000000010bde73bd
0x000070000d841570:   000000010bde73bd 0000000000000005
0x000070000d841580:   000070000d841970 00007fffcf81498b
0x000070000d841590:   0000000000000033 000000010be14ed0
0x000070000d8415a0:   000070000d841fe0 0000000000000000
0x000070000d8415b0:   0000700000000033 00007fffcf81498b
0x000070000d8415c0:   00007fffd85c56b8 00000000ffffffff
0x000070000d8415d0:   00000000ed8affae 0000000112fd51d0
0x000070000d8415e0:   000000076c57fbc0 0000001600000000
0x000070000d8415f0:   00000006c0289f30 00000001130994e4
0x000070000d841600:   0000000000000000 000000076c57fd58
0x000070000d841610:   0000000000000000 000070000d841d48
0x000070000d841620:   0000000100000038 000070000d841a48
0x000070000d841630:   000000076c57fd18 0000000112f27b3c 

Instructions: (pc=0x000000010c864e92)
0x000000010c864e72:   49 8b 7f 38 e8 5b 1b 00 00 4d 89 77 38 49 89 5f
0x000000010c864e82:   40 4c 89 f0 48 85 c0 0f 84 11 05 00 00 48 89 c3
0x000000010c864e92:   0f b6 43 0c 0f b6 4b 0d 48 c1 e1 08 48 01 c1 0f
0x000000010c864ea2:   b6 43 0e 0f b6 53 0f 48 c1 e2 08 48 01 c2 48 c1 

Register to memory mapping:

RAX=0x00007fd980d1f920 is an unknown value
RBX=0x00000001122d9479 is an unknown value
RCX=0x0000000000000001 is an unknown value
RDX=0x0000000000000200 is an unknown value
RSP=0x000070000d841440 is pointing into the stack for thread: 0x00007fd986800000
RBP=0x000070000d8414a0 is pointing into the stack for thread: 0x00007fd986800000
RSI=0x0000000000100000 is an unknown value
RDI=0x000000000000022f is an unknown value
R8 =0x0000000000000048 is an unknown value
R9 =0x00007fd980c22ef0 is an unknown value
R10=0x00000000fff00000 is an unknown value
R11=0x0000000000000001 is an unknown value
R12=0x0000000112373000 is an unknown value
R13=0x0000000000018dc0 is an unknown value
R14=0x000000009ac6435b is an unknown value
R15=0x00007fd982b14520 is an unknown value


Stack: [0x000070000d744000,0x000070000d844000],  sp=0x000070000d841440,  free space=1013k
Native frames: (J=compiled Java code, j=interpreted, Vv=VM code, C=native code)
C  [libzip.dylib+0x2e92]  newEntry+0x154
C  [libzip.dylib+0x352d]  ZIP_GetEntry2+0xd4
C  [libzip.dylib+0x2238]  Java_java_util_zip_ZipFile_getEntry+0xcf
J 148  java.util.zip.ZipFile.getEntry(J[BZ)J (0 bytes) @ 0x0000000112edf04e [0x0000000112edef80+0xce]
J 1774 C2 sun.misc.URLClassPath$JarLoader.getResource(Ljava/lang/String;Z)Lsun/misc/Resource; (85 bytes) @ 0x00000001133354c8 [0x0000000113334f80+0x548]
J 1799 C2 java.net.URLClassLoader$1.run()Ljava/lang/Object; (5 bytes) @ 0x00000001133f7cec [0x00000001133f7720+0x5cc]
v  ~StubRoutines::call_stub
V  [libjvm.dylib+0x2ecf8a]  JavaCalls::call_helper(JavaValue*, methodHandle*, JavaCallArguments*, Thread*)+0x6ae
V  [libjvm.dylib+0x34d6c8]  JVM_DoPrivileged+0x4b8
J 235  java.security.AccessController.doPrivileged(Ljava/security/PrivilegedExceptionAction;Ljava/security/AccessControlContext;)Ljava/lang/Object; (0 bytes) @ 0x0000000112f1bd55 [0x0000000112f1bc80+0xd5]
J 1781 C2 java.net.URLClassLoader.findClass(Ljava/lang/String;)Ljava/lang/Class; (47 bytes) @ 0x000000011333023c [0x00000001133301a0+0x9c]
J 1797 C1 java.lang.ClassLoader.loadClass(Ljava/lang/String;Z)Ljava/lang/Class; (122 bytes) @ 0x000000011333ffcc [0x000000011333f600+0x9cc]
J 231 C1 sun.misc.Launcher$AppClassLoader.loadClass(Ljava/lang/String;Z)Ljava/lang/Class; (85 bytes) @ 0x0000000112f19924 [0x0000000112f18f80+0x9a4]
J 230 C1 java.lang.ClassLoader.loadClass(Ljava/lang/String;)Ljava/lang/Class; (7 bytes) @ 0x0000000112f18bc4 [0x0000000112f18ac0+0x104]
v  ~StubRoutines::call_stub
V  [libjvm.dylib+0x2ecf8a]  JavaCalls::call_helper(JavaValue*, methodHandle*, JavaCallArguments*, Thread*)+0x6ae
V  [libjvm.dylib+0x2ed718]  JavaCalls::call_virtual(JavaValue*, KlassHandle, Symbol*, Symbol*, JavaCallArguments*, Thread*)+0x164
V  [libjvm.dylib+0x2ed870]  JavaCalls::call_virtual(JavaValue*, Handle, KlassHandle, Symbol*, Symbol*, Handle, Thread*)+0x56
V  [libjvm.dylib+0x53b4f4]  SystemDictionary::load_instance_class(Symbol*, Handle, Thread*)+0x2d8
V  [libjvm.dylib+0x53ac8d]  SystemDictionary::resolve_instance_class_or_null(Symbol*, Handle, Handle, Thread*)+0x48f
V  [libjvm.dylib+0x53b710]  SystemDictionary::resolve_or_null(Symbol*, Handle, Handle, Thread*)+0x106
V  [libjvm.dylib+0x53bdc3]  SystemDictionary::resolve_or_fail(Symbol*, Handle, Handle, bool, Thread*)+0x31
V  [libjvm.dylib+0x1e2476]  ConstantPool::klass_at_impl(constantPoolHandle, int, Thread*)+0x2ee
V  [libjvm.dylib+0x1f2886]  ConstantPool::klass_at(int, Thread*)+0x92
V  [libjvm.dylib+0x2e89ab]  InterpreterRuntime::_new(JavaThread*, ConstantPool*, int)+0x2d
j  org.eclipse.jetty.server.AbstractConnector.shutdown()Ljava/util/concurrent/Future;+0
j  org.eclipse.jetty.server.AbstractNetworkConnector.shutdown()Ljava/util/concurrent/Future;+5
j  org.eclipse.jetty.server.ServerConnector.shutdown()Ljava/util/concurrent/Future;+1
j  org.eclipse.jetty.server.Server.doStop()V+89
j  org.eclipse.jetty.util.component.AbstractLifeCycle.stop()V+30
j  org.eclipse.jetty.util.thread.ShutdownThread.run()V+41
v  ~StubRoutines::call_stub
V  [libjvm.dylib+0x2ecf8a]  JavaCalls::call_helper(JavaValue*, methodHandle*, JavaCallArguments*, Thread*)+0x6ae
V  [libjvm.dylib+0x2ed718]  JavaCalls::call_virtual(JavaValue*, KlassHandle, Symbol*, Symbol*, JavaCallArguments*, Thread*)+0x164
V  [libjvm.dylib+0x2ed8c4]  JavaCalls::call_virtual(JavaValue*, Handle, KlassHandle, Symbol*, Symbol*, Thread*)+0x4a
V  [libjvm.dylib+0x348039]  thread_entry(JavaThread*, Thread*)+0x7c
V  [libjvm.dylib+0x56a27b]  JavaThread::thread_main_inner()+0x9b
V  [libjvm.dylib+0x56b968]  JavaThread::run()+0x1c2
V  [libjvm.dylib+0x489b0a]  java_start(Thread*)+0xf6
C  [libsystem_pthread.dylib+0x3aab]  _pthread_body+0xb4
C  [libsystem_pthread.dylib+0x39f7]  _pthread_body+0x0
C  [libsystem_pthread.dylib+0x31fd]  thread_start+0xd
C  0x0000000000000000

Java frames: (J=compiled Java code, j=interpreted, Vv=VM code)
J 148  java.util.zip.ZipFile.getEntry(J[BZ)J (0 bytes) @ 0x0000000112edefd8 [0x0000000112edef80+0x58]
J 1774 C2 sun.misc.URLClassPath$JarLoader.getResource(Ljava/lang/String;Z)Lsun/misc/Resource; (85 bytes) @ 0x00000001133354c8 [0x0000000113334f80+0x548]
J 1799 C2 java.net.URLClassLoader$1.run()Ljava/lang/Object; (5 bytes) @ 0x00000001133f7cec [0x00000001133f7720+0x5cc]
v  ~StubRoutines::call_stub
J 235  java.security.AccessController.doPrivileged(Ljava/security/PrivilegedExceptionAction;Ljava/security/AccessControlContext;)Ljava/lang/Object; (0 bytes) @ 0x0000000112f1bce3 [0x0000000112f1bc80+0x63]
J 1781 C2 java.net.URLClassLoader.findClass(Ljava/lang/String;)Ljava/lang/Class; (47 bytes) @ 0x000000011333023c [0x00000001133301a0+0x9c]
J 1797 C1 java.lang.ClassLoader.loadClass(Ljava/lang/String;Z)Ljava/lang/Class; (122 bytes) @ 0x000000011333ffcc [0x000000011333f600+0x9cc]
J 231 C1 sun.misc.Launcher$AppClassLoader.loadClass(Ljava/lang/String;Z)Ljava/lang/Class; (85 bytes) @ 0x0000000112f19924 [0x0000000112f18f80+0x9a4]
J 230 C1 java.lang.ClassLoader.loadClass(Ljava/lang/String;)Ljava/lang/Class; (7 bytes) @ 0x0000000112f18bc4 [0x0000000112f18ac0+0x104]
v  ~StubRoutines::call_stub
j  org.eclipse.jetty.server.AbstractConnector.shutdown()Ljava/util/concurrent/Future;+0
j  org.eclipse.jetty.server.AbstractNetworkConnector.shutdown()Ljava/util/concurrent/Future;+5
j  org.eclipse.jetty.server.ServerConnector.shutdown()Ljava/util/concurrent/Future;+1
j  org.eclipse.jetty.server.Server.doStop()V+89
j  org.eclipse.jetty.util.component.AbstractLifeCycle.stop()V+30
j  org.eclipse.jetty.util.thread.ShutdownThread.run()V+41
v  ~StubRoutines::call_stub

---------------  P R O C E S S  ---------------

Java Threads: ( => current thread )
=>0x00007fd986800000 JavaThread "Thread-11" [_thread_in_native, id=38155, stack(0x000070000d744000,0x000070000d844000)]
  0x00007fd984824800 JavaThread "SIGINT handler" daemon [_thread_blocked, id=5323, stack(0x000070000bbf3000,0x000070000bcf3000)]
  0x00007fd9831b1800 JavaThread "dw-193" [_thread_blocked, id=4671, stack(0x000070000a4ab000,0x000070000a5ab000)]
  0x00007fd985ba7800 JavaThread "dw-admin-192" [_thread_blocked, id=38463, stack(0x000070000d641000,0x000070000d741000)]
  0x00007fd98386d800 JavaThread "Scheduler-331748029" [_thread_blocked, id=37127, stack(0x000070000d94a000,0x000070000da4a000)]
  0x00007fd9838cd000 JavaThread "dw-admin-42-acceptor-3@662d9f79-admin@530a8454{HTTP/1.1,[http/1.1]}{0.0.0.0:8082}" [_thread_blocked, id=36611, stack(0x000070000d53e000,0x000070000d63e000)]
  0x00007fd9815b8000 JavaThread "dw-admin-41-acceptor-2@5d3bd80e-admin@530a8454{HTTP/1.1,[http/1.1]}{0.0.0.0:8082}" [_thread_blocked, id=36099, stack(0x000070000d43b000,0x000070000d53b000)]
  0x00007fd98246e000 JavaThread "dw-admin-40-acceptor-1@3550015c-admin@530a8454{HTTP/1.1,[http/1.1]}{0.0.0.0:8082}" [_thread_blocked, id=35587, stack(0x000070000d338000,0x000070000d438000)]
  0x00007fd983974800 JavaThread "dw-admin-39-acceptor-0@68ea6a53-admin@530a8454{HTTP/1.1,[http/1.1]}{0.0.0.0:8082}" [_thread_in_native, id=35075, stack(0x000070000d235000,0x000070000d335000)]
  0x00007fd9823eb000 JavaThread "dw-admin-38" [_thread_in_native, id=34563, stack(0x000070000d132000,0x000070000d232000)]
  0x00007fd9815b7000 JavaThread "dw-admin-37" [_thread_in_native, id=34051, stack(0x000070000d02f000,0x000070000d12f000)]
  0x00007fd98409b800 JavaThread "dw-admin-36" [_thread_in_native, id=33539, stack(0x000070000cf2c000,0x000070000d02c000)]
  0x00007fd983972800 JavaThread "dw-admin-35" [_thread_in_native, id=33027, stack(0x000070000ce29000,0x000070000cf29000)]
  0x00007fd981732800 JavaThread "dw-admin-34" [_thread_in_native, id=32515, stack(0x000070000cd26000,0x000070000ce26000)]
  0x00007fd983801800 JavaThread "DestroyJavaVM" [_thread_blocked, id=7171, stack(0x000070000a5b1000,0x000070000a6b1000)]
  0x00007fd98142f800 JavaThread "dw-admin-32" [_thread_in_native, id=32003, stack(0x000070000cc23000,0x000070000cd23000)]
  0x00007fd9815c1000 JavaThread "dw-admin-31" [_thread_in_native, id=31491, stack(0x000070000cb20000,0x000070000cc20000)]
  0x00007fd982205800 JavaThread "dw-30" [_thread_in_native, id=30979, stack(0x000070000ca1d000,0x000070000cb1d000)]
  0x00007fd98342d000 JavaThread "dw-29-acceptor-3@7740ddfc-application@5c371e13{HTTP/1.1,[http/1.1]}{0.0.0.0:8081}" [_thread_blocked, id=30467, stack(0x000070000c91a000,0x000070000ca1a000)]
  0x00007fd983973800 JavaThread "dw-28-acceptor-2@514b7ba8-application@5c371e13{HTTP/1.1,[http/1.1]}{0.0.0.0:8081}" [_thread_blocked, id=29955, stack(0x000070000c817000,0x000070000c917000)]
  0x00007fd983672000 JavaThread "dw-27-acceptor-1@2caa567a-application@5c371e13{HTTP/1.1,[http/1.1]}{0.0.0.0:8081}" [_thread_blocked, id=28935, stack(0x000070000c611000,0x000070000c711000)]
  0x00007fd9833d4000 JavaThread "dw-26-acceptor-0@7dcc462f-application@5c371e13{HTTP/1.1,[http/1.1]}{0.0.0.0:8081}" [_thread_blocked, id=29443, stack(0x000070000c714000,0x000070000c814000)]
  0x00007fd981a28800 JavaThread "dw-admin-24" [_thread_in_native, id=28419, stack(0x000070000c50e000,0x000070000c60e000)]
  0x00007fd9832bb000 JavaThread "PostgreSQL-JDBC-SharedTimer-1" daemon [_thread_blocked, id=27907, stack(0x000070000c40b000,0x000070000c50b000)]
  0x00007fd9821dc800 JavaThread "Tomcat JDBC Pool Cleaner[1808253012:1482353347319]" daemon [_thread_blocked, id=27395, stack(0x000070000c308000,0x000070000c408000)]
  0x00007fd9821db000 JavaThread "dw-20" [_thread_in_native, id=26883, stack(0x000070000c205000,0x000070000c305000)]
  0x00007fd9822d9000 JavaThread "dw-19" [_thread_in_native, id=26371, stack(0x000070000c102000,0x000070000c202000)]
  0x00007fd9822d8000 JavaThread "dw-18" [_thread_in_native, id=25859, stack(0x000070000bfff000,0x000070000c0ff000)]
  0x00007fd981049000 JavaThread "dw-17" [_thread_in_native, id=25347, stack(0x000070000befc000,0x000070000bffc000)]
  0x00007fd9812a9800 JavaThread "dw-16" [_thread_in_native, id=24835, stack(0x000070000bdf9000,0x000070000bef9000)]
  0x00007fd9812a9000 JavaThread "dw-15" [_thread_in_native, id=24323, stack(0x000070000bcf6000,0x000070000bdf6000)]
  0x00007fd983280800 JavaThread "dw-13" [_thread_in_native, id=23299, stack(0x000070000baf0000,0x000070000bbf0000)]
  0x00007fd983383800 JavaThread "AsyncAppender-Worker-async-console-appender" daemon [_thread_blocked, id=22787, stack(0x000070000b9ed000,0x000070000baed000)]
  0x00007fd985067000 JavaThread "AsyncAppender-Worker-async-console-appender" daemon [_thread_blocked, id=22275, stack(0x000070000b8ea000,0x000070000b9ea000)]
  0x00007fd98201b000 JavaThread "Service Thread" daemon [_thread_blocked, id=21251, stack(0x000070000b6e4000,0x000070000b7e4000)]
  0x00007fd98201c000 JavaThread "C1 CompilerThread3" daemon [_thread_blocked, id=20739, stack(0x000070000b5e1000,0x000070000b6e1000)]
  0x00007fd983038000 JavaThread "C2 CompilerThread2" daemon [_thread_blocked, id=20227, stack(0x000070000b4de000,0x000070000b5de000)]
  0x00007fd982000000 JavaThread "C2 CompilerThread1" daemon [_thread_blocked, id=19715, stack(0x000070000b3db000,0x000070000b4db000)]
  0x00007fd981806000 JavaThread "C2 CompilerThread0" daemon [_thread_blocked, id=19203, stack(0x000070000b2d8000,0x000070000b3d8000)]
  0x00007fd981837800 JavaThread "Signal Dispatcher" daemon [_thread_blocked, id=18691, stack(0x000070000b1d5000,0x000070000b2d5000)]
  0x00007fd983029000 JavaThread "Finalizer" daemon [_thread_blocked, id=14595, stack(0x000070000b0d2000,0x000070000b1d2000)]
  0x00007fd983026000 JavaThread "Reference Handler" daemon [_thread_blocked, id=14083, stack(0x000070000afcf000,0x000070000b0cf000)]

Other Threads:
  0x00007fd981831000 VMThread [stack: 0x000070000aecc000,0x000070000afcc000] [id=13571]
  0x00007fd98100b000 WatcherThread [stack: 0x000070000b7e7000,0x000070000b8e7000] [id=21763]

VM state:not at safepoint (normal execution)

VM Mutex/Monitor currently owned by a thread: None

Heap:
 PSYoungGen      total 141824K, used 40039K [0x000000076ab00000, 0x0000000777400000, 0x00000007c0000000)
  eden space 131072K, 22% used [0x000000076ab00000,0x000000076c7a1918,0x0000000772b00000)
  from space 10752K, 99% used [0x0000000772b00000,0x0000000773578500,0x0000000773580000)
  to   space 10752K, 0% used [0x0000000776980000,0x0000000776980000,0x0000000777400000)
 ParOldGen       total 112128K, used 10379K [0x00000006c0000000, 0x00000006c6d80000, 0x000000076ab00000)
  object space 112128K, 9% used [0x00000006c0000000,0x00000006c0a22c60,0x00000006c6d80000)
 Metaspace       used 30763K, capacity 31068K, committed 31616K, reserved 1077248K
  class space    used 4031K, capacity 4127K, committed 4224K, reserved 1048576K

Card table byte_map: [0x000000010cc2b000,0x000000010d42c000] byte_map_base: 0x000000010962b000

Marking Bits: (ParMarkBitMap*) 0x000000010c0efd20
 Begin Bits: [0x0000000121d8f000, 0x0000000125d8f000)
 End Bits:   [0x0000000125d8f000, 0x0000000129d8f000)

Polling page: 0x000000010a7f8000

CodeCache: size=245760Kb used=8088Kb max_used=8088Kb free=237671Kb
 bounds [0x0000000112d8f000, 0x000000011358f000, 0x0000000121d8f000]
 total_blobs=3027 nmethods=2561 adapters=379
 compilation: enabled

Compilation events (10 events):
Event: 3542.817 Thread 0x00007fd98201c000 nmethod 2573 0x0000000112e8e250 code [0x0000000112e8e3c0, 0x0000000112e8e5e8]
Event: 3722.833 Thread 0x00007fd98201c000 2574       3       java.lang.Long::stringSize (38 bytes)
Event: 3722.833 Thread 0x00007fd98201c000 nmethod 2574 0x0000000112e90890 code [0x0000000112e90a00, 0x0000000112e90c50]
Event: 3722.833 Thread 0x00007fd98201c000 2575       3       java.lang.Long::getChars (221 bytes)
Event: 3722.834 Thread 0x00007fd98201c000 nmethod 2575 0x0000000112ea0950 code [0x0000000112ea0b20, 0x0000000112ea1170]
Event: 3795.171 Thread 0x00007fd98201c000 2576       1       org.eclipse.jetty.util.thread.QueuedThreadPool::access$900 (5 bytes)
Event: 3795.171 Thread 0x00007fd98201c000 nmethod 2576 0x0000000112ea0690 code [0x0000000112ea07e0, 0x0000000112ea08d0]
Event: 3841.313 Thread 0x00007fd98201c000 2577   !   3       org.apache.tomcat.jdbc.pool.ConnectionPool$PoolCleaner::run (125 bytes)
Event: 3841.314 Thread 0x00007fd98201c000 nmethod 2577 0x0000000113579150 code [0x00000001135793c0, 0x000000011357a128]
Event: 4476.994 Thread 0x00007fd98201c000 2578  s    3       java.util.Hashtable::containsKey (65 bytes)

GC Heap History (8 events):
Event: 1.328 GC heap before
{Heap before GC invocations=1 (full 0):
 PSYoungGen      total 76288K, used 65536K [0x000000076ab00000, 0x0000000770000000, 0x00000007c0000000)
  eden space 65536K, 100% used [0x000000076ab00000,0x000000076eb00000,0x000000076eb00000)
  from space 10752K, 0% used [0x000000076f580000,0x000000076f580000,0x0000000770000000)
  to   space 10752K, 0% used [0x000000076eb00000,0x000000076eb00000,0x000000076f580000)
 ParOldGen       total 175104K, used 0K [0x00000006c0000000, 0x00000006cab00000, 0x000000076ab00000)
  object space 175104K, 0% used [0x00000006c0000000,0x00000006c0000000,0x00000006cab00000)
 Metaspace       used 18494K, capacity 18798K, committed 19072K, reserved 1067008K
  class space    used 2287K, capacity 2392K, committed 2432K, reserved 1048576K
Event: 1.343 GC heap after
Heap after GC invocations=1 (full 0):
 PSYoungGen      total 76288K, used 10727K [0x000000076ab00000, 0x0000000774000000, 0x00000007c0000000)
  eden space 65536K, 0% used [0x000000076ab00000,0x000000076ab00000,0x000000076eb00000)
  from space 10752K, 99% used [0x000000076eb00000,0x000000076f579f48,0x000000076f580000)
  to   space 10752K, 0% used [0x0000000773580000,0x0000000773580000,0x0000000774000000)
 ParOldGen       total 175104K, used 4065K [0x00000006c0000000, 0x00000006cab00000, 0x000000076ab00000)
  object space 175104K, 2% used [0x00000006c0000000,0x00000006c03f84a8,0x00000006cab00000)
 Metaspace       used 18494K, capacity 18798K, committed 19072K, reserved 1067008K
  class space    used 2287K, capacity 2392K, committed 2432K, reserved 1048576K
}
Event: 1.660 GC heap before
{Heap before GC invocations=2 (full 0):
 PSYoungGen      total 76288K, used 22324K [0x000000076ab00000, 0x0000000774000000, 0x00000007c0000000)
  eden space 65536K, 17% used [0x000000076ab00000,0x000000076b6532e8,0x000000076eb00000)
  from space 10752K, 99% used [0x000000076eb00000,0x000000076f579f48,0x000000076f580000)
  to   space 10752K, 0% used [0x0000000773580000,0x0000000773580000,0x0000000774000000)
 ParOldGen       total 175104K, used 4065K [0x00000006c0000000, 0x00000006cab00000, 0x000000076ab00000)
  object space 175104K, 2% used [0x00000006c0000000,0x00000006c03f84a8,0x00000006cab00000)
 Metaspace       used 20873K, capacity 21136K, committed 21248K, reserved 1067008K
  class space    used 2674K, capacity 2793K, committed 2816K, reserved 1048576K
Event: 1.668 GC heap after
Heap after GC invocations=2 (full 0):
 PSYoungGen      total 141824K, used 8176K [0x000000076ab00000, 0x0000000774000000, 0x00000007c0000000)
  eden space 131072K, 0% used [0x000000076ab00000,0x000000076ab00000,0x0000000772b00000)
  from space 10752K, 76% used [0x0000000773580000,0x0000000773d7c1e8,0x0000000774000000)
  to   space 10752K, 0% used [0x0000000772b00000,0x0000000772b00000,0x0000000773580000)
 ParOldGen       total 175104K, used 4073K [0x00000006c0000000, 0x00000006cab00000, 0x000000076ab00000)
  object space 175104K, 2% used [0x00000006c0000000,0x00000006c03fa4a8,0x00000006cab00000)
 Metaspace       used 20873K, capacity 21136K, committed 21248K, reserved 1067008K
  class space    used 2674K, capacity 2793K, committed 2816K, reserved 1048576K
}
Event: 1.668 GC heap before
{Heap before GC invocations=3 (full 1):
 PSYoungGen      total 141824K, used 8176K [0x000000076ab00000, 0x0000000774000000, 0x00000007c0000000)
  eden space 131072K, 0% used [0x000000076ab00000,0x000000076ab00000,0x0000000772b00000)
  from space 10752K, 76% used [0x0000000773580000,0x0000000773d7c1e8,0x0000000774000000)
  to   space 10752K, 0% used [0x0000000772b00000,0x0000000772b00000,0x0000000773580000)
 ParOldGen       total 175104K, used 4073K [0x00000006c0000000, 0x00000006cab00000, 0x000000076ab00000)
  object space 175104K, 2% used [0x00000006c0000000,0x00000006c03fa4a8,0x00000006cab00000)
 Metaspace       used 20873K, capacity 21136K, committed 21248K, reserved 1067008K
  class space    used 2674K, capacity 2793K, committed 2816K, reserved 1048576K
Event: 1.697 GC heap after
Heap after GC invocations=3 (full 1):
 PSYoungGen      total 141824K, used 0K [0x000000076ab00000, 0x0000000774000000, 0x00000007c0000000)
  eden space 131072K, 0% used [0x000000076ab00000,0x000000076ab00000,0x0000000772b00000)
  from space 10752K, 0% used [0x0000000773580000,0x0000000773580000,0x0000000774000000)
  to   space 10752K, 0% used [0x0000000772b00000,0x0000000772b00000,0x0000000773580000)
 ParOldGen       total 112128K, used 8374K [0x00000006c0000000, 0x00000006c6d80000, 0x000000076ab00000)
  object space 112128K, 7% used [0x00000006c0000000,0x00000006c082da48,0x00000006c6d80000)
 Metaspace       used 20873K, capacity 21136K, committed 21248K, reserved 1067008K
  class space    used 2674K, capacity 2793K, committed 2816K, reserved 1048576K
}
Event: 1682.702 GC heap before
{Heap before GC invocations=4 (full 1):
 PSYoungGen      total 141824K, used 131072K [0x000000076ab00000, 0x0000000774000000, 0x00000007c0000000)
  eden space 131072K, 100% used [0x000000076ab00000,0x0000000772b00000,0x0000000772b00000)
  from space 10752K, 0% used [0x0000000773580000,0x0000000773580000,0x0000000774000000)
  to   space 10752K, 0% used [0x0000000772b00000,0x0000000772b00000,0x0000000773580000)
 ParOldGen       total 112128K, used 8374K [0x00000006c0000000, 0x00000006c6d80000, 0x000000076ab00000)
  object space 112128K, 7% used [0x00000006c0000000,0x00000006c082da48,0x00000006c6d80000)
 Metaspace       used 30742K, capacity 31068K, committed 31616K, reserved 1077248K
  class space    used 4030K, capacity 4127K, committed 4224K, reserved 1048576K
Event: 1682.713 GC heap after
Heap after GC invocations=4 (full 1):
 PSYoungGen      total 141824K, used 10721K [0x000000076ab00000, 0x0000000777400000, 0x00000007c0000000)
  eden space 131072K, 0% used [0x000000076ab00000,0x000000076ab00000,0x0000000772b00000)
  from space 10752K, 99% used [0x0000000772b00000,0x0000000773578500,0x0000000773580000)
  to   space 10752K, 0% used [0x0000000776980000,0x0000000776980000,0x0000000777400000)
 ParOldGen       total 112128K, used 10379K [0x00000006c0000000, 0x00000006c6d80000, 0x000000076ab00000)
  object space 112128K, 9% used [0x00000006c0000000,0x00000006c0a22c60,0x00000006c6d80000)
 Metaspace       used 30742K, capacity 31068K, committed 31616K, reserved 1077248K
  class space    used 4030K, capacity 4127K, committed 4224K, reserved 1048576K
}

Deoptimization events (10 events):
Event: 2.279 Thread 0x00007fd983801800 Uncommon trap: reason=bimorphic action=maybe_recompile pc=0x00000001133b8fc4 method=java.util.AbstractCollection.addAll(Ljava/util/Collection;)Z @ 29
Event: 2.304 Thread 0x00007fd983801800 Uncommon trap: reason=bimorphic action=maybe_recompile pc=0x00000001133b8fc4 method=java.util.AbstractCollection.addAll(Ljava/util/Collection;)Z @ 29
Event: 2.409 Thread 0x00007fd983801800 Uncommon trap: reason=unstable_if action=reinterpret pc=0x00000001132f6f54 method=java.util.concurrent.ConcurrentHashMap.get(Ljava/lang/Object;)Ljava/lang/Object; @ 76
Event: 2.414 Thread 0x00007fd983801800 Uncommon trap: reason=unstable_if action=reinterpret pc=0x000000011343416c method=java.lang.Class.searchMethods([Ljava/lang/reflect/Method;Ljava/lang/String;[Ljava/lang/Class;)Ljava/lang/reflect/Method; @ 47
Event: 2.469 Thread 0x00007fd983801800 Uncommon trap: reason=unstable_if action=reinterpret pc=0x0000000113107e0c method=java.util.concurrent.ConcurrentHashMap.putVal(Ljava/lang/Object;Ljava/lang/Object;Z)Ljava/lang/Object; @ 331
Event: 14.814 Thread 0x00007fd9831ae000 Uncommon trap: reason=unstable_if action=reinterpret pc=0x00000001134c3984 method=java.util.concurrent.locks.ReentrantReadWriteLock$Sync.tryAcquireShared(I)I @ 55
Event: 14.918 Thread 0x00007fd9831ae000 Uncommon trap: reason=unstable_if action=reinterpret pc=0x00000001133a519c method=java.util.WeakHashMap.remove(Ljava/lang/Object;)Ljava/lang/Object; @ 94
Event: 14.922 Thread 0x00007fd981289800 Uncommon trap: reason=unstable_if action=reinterpret pc=0x000000011339f590 method=java.util.HashMap$HashIterator.<init>(Ljava/util/HashMap;)V @ 45
Event: 14.922 Thread 0x00007fd983280800 Uncommon trap: reason=unstable_if action=reinterpret pc=0x000000011320c280 method=java.util.HashMap$HashIterator.<init>(Ljava/util/HashMap;)V @ 45
Event: 14.941 Thread 0x00007fd986800000 Uncommon trap: reason=unstable_if action=reinterpret pc=0x00000001131ee7fc method=java.util.HashMap$HashIterator.<init>(Ljava/util/HashMap;)V @ 45

Internal exceptions (10 events):
Event: 0.857 Thread 0x00007fd983801800 Exception <a 'java/lang/ArrayIndexOutOfBoundsException'> (0x000000076cc9d360) thrown at [/Users/java_re/workspace/8-2-build-macosx-x86_64/jdk8u111/7883/hotspot/src/share/vm/runtime/sharedRuntime.cpp, line 605]
Event: 0.857 Thread 0x00007fd983801800 Exception <a 'java/lang/ArrayIndexOutOfBoundsException'> (0x000000076cc9ea58) thrown at [/Users/java_re/workspace/8-2-build-macosx-x86_64/jdk8u111/7883/hotspot/src/share/vm/runtime/sharedRuntime.cpp, line 605]
Event: 0.954 Thread 0x00007fd983801800 Exception <a 'java/lang/ArrayIndexOutOfBoundsException': 83> (0x000000076d11ee68) thrown at [/Users/java_re/workspace/8-2-build-macosx-x86_64/jdk8u111/7883/hotspot/src/share/vm/interpreter/interpreterRuntime.cpp, line 366]
Event: 0.954 Thread 0x00007fd983801800 Exception <a 'java/lang/ArrayIndexOutOfBoundsException': 40> (0x000000076d11feb8) thrown at [/Users/java_re/workspace/8-2-build-macosx-x86_64/jdk8u111/7883/hotspot/src/share/vm/interpreter/interpreterRuntime.cpp, line 366]
Event: 1.125 Thread 0x00007fd983801800 Implicit null exception at 0x0000000112fe38b5 to 0x0000000112fe3c75
Event: 1.125 Thread 0x00007fd983801800 Implicit null exception at 0x0000000112f7d276 to 0x0000000112f7d63d
Event: 1.344 Thread 0x00007fd983801800 Exception <a 'java/lang/NoSuchMethodError': org.slf4j.impl.StaticMDCBinder.getSingleton()Lorg/slf4j/impl/StaticMDCBinder;> (0x000000076ab0ca58) thrown at [/Users/java_re/workspace/8-2-build-macosx-x86_64/jdk8u111/7883/hotspot/src/share/vm/interpreter/link
Event: 1.837 Thread 0x00007fd983801800 Exception <a 'java/io/FileNotFoundException'> (0x000000076b30c410) thrown at [/Users/java_re/workspace/8-2-build-macosx-x86_64/jdk8u111/7883/hotspot/src/share/vm/prims/jni.cpp, line 709]
Event: 1.840 Thread 0x00007fd983801800 Exception <a 'java/io/FileNotFoundException'> (0x000000076b3662d0) thrown at [/Users/java_re/workspace/8-2-build-macosx-x86_64/jdk8u111/7883/hotspot/src/share/vm/prims/jni.cpp, line 709]
Event: 4476.994 Thread 0x00007fd983973800 Exception <a 'java/io/IOException'> (0x000000076c5ecb30) thrown at [/Users/java_re/workspace/8-2-build-macosx-x86_64/jdk8u111/7883/hotspot/src/share/vm/prims/jni.cpp, line 709]

Events (10 events):
Event: 4476.993 loading class sun/misc/Signal$1
Event: 4476.994 loading class sun/misc/Signal$1 done
Event: 4476.994 Thread 0x00007fd984824800 Thread added: 0x00007fd984824800
Event: 4476.994 Thread 0x00007fd986800000 Thread added: 0x00007fd986800000
Event: 4476.994 Thread 0x00007fd985ba8000 Thread added: 0x00007fd985ba8000
Event: 4476.994 loading class java/nio/channels/AsynchronousCloseException
Event: 4476.994 loading class java/nio/channels/AsynchronousCloseException done
Event: 4476.994 loading class org/eclipse/jetty/util/FutureCallback
Event: 4476.994 loading class org/eclipse/jetty/util/FutureCallback done
Event: 4476.994 Thread 0x00007fd985ba8000 Thread exited: 0x00007fd985ba8000


Dynamic libraries:
0x0000000044e8c000 	/System/Library/Frameworks/Cocoa.framework/Versions/A/Cocoa
0x0000000044e8c000 	/System/Library/Frameworks/Security.framework/Versions/A/Security
0x0000000044e8c000 	/System/Library/Frameworks/ApplicationServices.framework/Versions/A/ApplicationServices
0x0000000044e8c000 	/usr/lib/libz.1.dylib
0x0000000044e8c000 	/usr/lib/libSystem.B.dylib
0x0000000044e8c000 	/usr/lib/libobjc.A.dylib
0x0000000044e8c000 	/System/Library/Frameworks/CoreFoundation.framework/Versions/A/CoreFoundation
0x0000000044e8c000 	/System/Library/Frameworks/Foundation.framework/Versions/C/Foundation
0x0000000044e8c000 	/System/Library/Frameworks/AppKit.framework/Versions/C/AppKit
0x0000000044e8c000 	/System/Library/Frameworks/CoreData.framework/Versions/A/CoreData
0x0000000044e8c000 	/System/Library/PrivateFrameworks/RemoteViewServices.framework/Versions/A/RemoteViewServices
0x0000000044e8c000 	/System/Library/PrivateFrameworks/UIFoundation.framework/Versions/A/UIFoundation
0x0000000044e8c000 	/System/Library/PrivateFrameworks/DFRFoundation.framework/Versions/A/DFRFoundation
0x0000000044e8c000 	/usr/lib/libenergytrace.dylib
0x0000000044e8c000 	/System/Library/PrivateFrameworks/SkyLight.framework/Versions/A/SkyLight
0x0000000044e8c000 	/System/Library/Frameworks/CoreGraphics.framework/Versions/A/CoreGraphics
0x0000000044e8c000 	/usr/lib/libScreenReader.dylib
0x0000000044e8c000 	/System/Library/Frameworks/Accelerate.framework/Versions/A/Accelerate
0x0000000044e8c000 	/System/Library/Frameworks/IOSurface.framework/Versions/A/IOSurface
0x0000000044e8c000 	/System/Library/Frameworks/AudioToolbox.framework/Versions/A/AudioToolbox
0x0000000044e8c000 	/System/Library/Frameworks/AudioUnit.framework/Versions/A/AudioUnit
0x0000000044e8c000 	/System/Library/PrivateFrameworks/DataDetectorsCore.framework/Versions/A/DataDetectorsCore
0x0000000044e8c000 	/System/Library/PrivateFrameworks/DesktopServicesPriv.framework/Versions/A/DesktopServicesPriv
0x0000000044e8c000 	/System/Library/Frameworks/Carbon.framework/Versions/A/Frameworks/HIToolbox.framework/Versions/A/HIToolbox
0x0000000044e8c000 	/usr/lib/libicucore.A.dylib
0x0000000044e8c000 	/System/Library/Frameworks/QuartzCore.framework/Versions/A/QuartzCore
0x0000000044e8c000 	/System/Library/Frameworks/Carbon.framework/Versions/A/Frameworks/SpeechRecognition.framework/Versions/A/SpeechRecognition
0x0000000044e8c000 	/usr/lib/libauto.dylib
0x0000000044e8c000 	/usr/lib/libxml2.2.dylib
0x0000000044e8c000 	/System/Library/PrivateFrameworks/CoreUI.framework/Versions/A/CoreUI
0x0000000044e8c000 	/System/Library/Frameworks/CoreAudio.framework/Versions/A/CoreAudio
0x0000000044e8c000 	/System/Library/Frameworks/DiskArbitration.framework/Versions/A/DiskArbitration
0x0000000044e8c000 	/usr/lib/liblangid.dylib
0x0000000044e8c000 	/System/Library/PrivateFrameworks/MultitouchSupport.framework/Versions/A/MultitouchSupport
0x0000000044e8c000 	/System/Library/Frameworks/IOKit.framework/Versions/A/IOKit
0x0000000044e8c000 	/usr/lib/libDiagnosticMessagesClient.dylib
0x0000000044e8c000 	/System/Library/Frameworks/CoreServices.framework/Versions/A/CoreServices
0x0000000044e8c000 	/System/Library/PrivateFrameworks/PerformanceAnalysis.framework/Versions/A/PerformanceAnalysis
0x0000000044e8c000 	/System/Library/PrivateFrameworks/GenerationalStorage.framework/Versions/A/GenerationalStorage
0x0000000044e8c000 	/System/Library/Frameworks/OpenGL.framework/Versions/A/OpenGL
0x0000000044e8c000 	/System/Library/Frameworks/CoreImage.framework/Versions/A/CoreImage
0x0000000044e8c000 	/System/Library/Frameworks/CoreText.framework/Versions/A/CoreText
0x0000000044e8c000 	/System/Library/Frameworks/ImageIO.framework/Versions/A/ImageIO
0x0000000044e8c000 	/System/Library/PrivateFrameworks/Backup.framework/Versions/A/Backup
0x0000000044e8c000 	/usr/lib/libarchive.2.dylib
0x0000000044e8c000 	/System/Library/Frameworks/CFNetwork.framework/Versions/A/CFNetwork
0x0000000044e8c000 	/System/Library/Frameworks/SystemConfiguration.framework/Versions/A/SystemConfiguration
0x0000000044e8c000 	/usr/lib/libCRFSuite.dylib
0x0000000044e8c000 	/usr/lib/libc++.1.dylib
0x0000000044e8c000 	/usr/lib/libc++abi.dylib
0x0000000044e8c000 	/usr/lib/system/libcache.dylib
0x0000000044e8c000 	/usr/lib/system/libcommonCrypto.dylib
0x0000000044e8c000 	/usr/lib/system/libcompiler_rt.dylib
0x0000000044e8c000 	/usr/lib/system/libcopyfile.dylib
0x0000000044e8c000 	/usr/lib/system/libcorecrypto.dylib
0x0000000044e8c000 	/usr/lib/system/libdispatch.dylib
0x0000000044e8c000 	/usr/lib/system/libdyld.dylib
0x0000000044e8c000 	/usr/lib/system/libkeymgr.dylib
0x0000000044e8c000 	/usr/lib/system/liblaunch.dylib
0x0000000044e8c000 	/usr/lib/system/libmacho.dylib
0x0000000044e8c000 	/usr/lib/system/libquarantine.dylib
0x0000000044e8c000 	/usr/lib/system/libremovefile.dylib
0x0000000044e8c000 	/usr/lib/system/libsystem_asl.dylib
0x0000000044e8c000 	/usr/lib/system/libsystem_blocks.dylib
0x0000000044e8c000 	/usr/lib/system/libsystem_c.dylib
0x0000000044e8c000 	/usr/lib/system/libsystem_configuration.dylib
0x0000000044e8c000 	/usr/lib/system/libsystem_coreservices.dylib
0x0000000044e8c000 	/usr/lib/system/libsystem_coretls.dylib
0x0000000044e8c000 	/usr/lib/system/libsystem_dnssd.dylib
0x0000000044e8c000 	/usr/lib/system/libsystem_info.dylib
0x0000000044e8c000 	/usr/lib/system/libsystem_kernel.dylib
0x0000000044e8c000 	/usr/lib/system/libsystem_m.dylib
0x0000000044e8c000 	/usr/lib/system/libsystem_malloc.dylib
0x0000000044e8c000 	/usr/lib/system/libsystem_network.dylib
0x0000000044e8c000 	/usr/lib/system/libsystem_networkextension.dylib
0x0000000044e8c000 	/usr/lib/system/libsystem_notify.dylib
0x0000000044e8c000 	/usr/lib/system/libsystem_platform.dylib
0x0000000044e8c000 	/usr/lib/system/libsystem_pthread.dylib
0x0000000044e8c000 	/usr/lib/system/libsystem_sandbox.dylib
0x0000000044e8c000 	/usr/lib/system/libsystem_secinit.dylib
0x0000000044e8c000 	/usr/lib/system/libsystem_symptoms.dylib
0x0000000044e8c000 	/usr/lib/system/libsystem_trace.dylib
0x0000000044e8c000 	/usr/lib/system/libunwind.dylib
0x0000000044e8c000 	/usr/lib/system/libxpc.dylib
0x0000000044e8c000 	/usr/lib/libbsm.0.dylib
0x0000000044e8c000 	/usr/lib/system/libkxld.dylib
0x0000000044e8c000 	/usr/lib/libcoretls.dylib
0x0000000044e8c000 	/usr/lib/libcoretls_cfhelpers.dylib
0x0000000044e8c000 	/usr/lib/libxar.1.dylib
0x0000000044e8c000 	/usr/lib/libsqlite3.dylib
0x0000000044e8c000 	/usr/lib/libpam.2.dylib
0x0000000044e8c000 	/usr/lib/libOpenScriptingUtil.dylib
0x0000000044e8c000 	/usr/lib/libbz2.1.0.dylib
0x0000000044e8c000 	/usr/lib/liblzma.5.dylib
0x0000000044e8c000 	/usr/lib/libnetwork.dylib
0x0000000044e8c000 	/usr/lib/libpcap.A.dylib
0x0000000044e8c000 	/System/Library/Frameworks/CoreServices.framework/Versions/A/Frameworks/FSEvents.framework/Versions/A/FSEvents
0x0000000044e8c000 	/System/Library/Frameworks/CoreServices.framework/Versions/A/Frameworks/CarbonCore.framework/Versions/A/CarbonCore
0x0000000044e8c000 	/System/Library/Frameworks/CoreServices.framework/Versions/A/Frameworks/Metadata.framework/Versions/A/Metadata
0x0000000044e8c000 	/System/Library/Frameworks/CoreServices.framework/Versions/A/Frameworks/OSServices.framework/Versions/A/OSServices
0x0000000044e8c000 	/System/Library/Frameworks/CoreServices.framework/Versions/A/Frameworks/SearchKit.framework/Versions/A/SearchKit
0x0000000044e8c000 	/System/Library/Frameworks/CoreServices.framework/Versions/A/Frameworks/AE.framework/Versions/A/AE
0x0000000044e8c000 	/System/Library/Frameworks/CoreServices.framework/Versions/A/Frameworks/LaunchServices.framework/Versions/A/LaunchServices
0x0000000044e8c000 	/System/Library/Frameworks/CoreServices.framework/Versions/A/Frameworks/DictionaryServices.framework/Versions/A/DictionaryServices
0x0000000044e8c000 	/System/Library/Frameworks/CoreServices.framework/Versions/A/Frameworks/SharedFileList.framework/Versions/A/SharedFileList
0x0000000044e8c000 	/System/Library/Frameworks/NetFS.framework/Versions/A/NetFS
0x0000000044e8c000 	/System/Library/PrivateFrameworks/NetAuth.framework/Versions/A/NetAuth
0x0000000044e8c000 	/System/Library/PrivateFrameworks/login.framework/Versions/A/Frameworks/loginsupport.framework/Versions/A/loginsupport
0x0000000044e8c000 	/System/Library/PrivateFrameworks/TCC.framework/Versions/A/TCC
0x0000000044e8c000 	/usr/lib/libmecabra.dylib
0x0000000044e8c000 	/System/Library/Frameworks/ApplicationServices.framework/Versions/A/Frameworks/ATS.framework/Versions/A/ATS
0x0000000044e8c000 	/System/Library/Frameworks/ApplicationServices.framework/Versions/A/Frameworks/ColorSync.framework/Versions/A/ColorSync
0x0000000044e8c000 	/System/Library/Frameworks/ApplicationServices.framework/Versions/A/Frameworks/HIServices.framework/Versions/A/HIServices
0x0000000044e8c000 	/System/Library/Frameworks/ApplicationServices.framework/Versions/A/Frameworks/LangAnalysis.framework/Versions/A/LangAnalysis
0x0000000044e8c000 	/System/Library/Frameworks/ApplicationServices.framework/Versions/A/Frameworks/PrintCore.framework/Versions/A/PrintCore
0x0000000044e8c000 	/System/Library/Frameworks/ApplicationServices.framework/Versions/A/Frameworks/QD.framework/Versions/A/QD
0x0000000044e8c000 	/System/Library/Frameworks/ApplicationServices.framework/Versions/A/Frameworks/SpeechSynthesis.framework/Versions/A/SpeechSynthesis
0x0000000044e8c000 	/System/Library/Frameworks/Accelerate.framework/Versions/A/Frameworks/vImage.framework/Versions/A/vImage
0x0000000044e8c000 	/System/Library/Frameworks/Accelerate.framework/Versions/A/Frameworks/vecLib.framework/Versions/A/vecLib
0x0000000044e8c000 	/System/Library/Frameworks/Accelerate.framework/Versions/A/Frameworks/vecLib.framework/Versions/A/libvDSP.dylib
0x0000000044e8c000 	/System/Library/Frameworks/Accelerate.framework/Versions/A/Frameworks/vecLib.framework/Versions/A/libBNNS.dylib
0x0000000044e8c000 	/System/Library/Frameworks/Accelerate.framework/Versions/A/Frameworks/vecLib.framework/Versions/A/libQuadrature.dylib
0x0000000044e8c000 	/System/Library/Frameworks/Accelerate.framework/Versions/A/Frameworks/vecLib.framework/Versions/A/libvMisc.dylib
0x0000000044e8c000 	/System/Library/Frameworks/Accelerate.framework/Versions/A/Frameworks/vecLib.framework/Versions/A/libLAPACK.dylib
0x0000000044e8c000 	/System/Library/Frameworks/Accelerate.framework/Versions/A/Frameworks/vecLib.framework/Versions/A/libBLAS.dylib
0x0000000044e8c000 	/System/Library/Frameworks/Accelerate.framework/Versions/A/Frameworks/vecLib.framework/Versions/A/libLinearAlgebra.dylib
0x0000000044e8c000 	/System/Library/Frameworks/Accelerate.framework/Versions/A/Frameworks/vecLib.framework/Versions/A/libSparseBLAS.dylib
0x0000000044e8c000 	/System/Library/Frameworks/ApplicationServices.framework/Versions/A/Frameworks/ATS.framework/Versions/A/Resources/libFontParser.dylib
0x0000000044e8c000 	/System/Library/Frameworks/ApplicationServices.framework/Versions/A/Frameworks/ATS.framework/Versions/A/Resources/libFontRegistry.dylib
0x0000000044e8c000 	/System/Library/Frameworks/ImageIO.framework/Versions/A/Resources/libJPEG.dylib
0x0000000044e8c000 	/System/Library/Frameworks/ImageIO.framework/Versions/A/Resources/libTIFF.dylib
0x0000000044e8c000 	/System/Library/Frameworks/ImageIO.framework/Versions/A/Resources/libPng.dylib
0x0000000044e8c000 	/System/Library/Frameworks/ImageIO.framework/Versions/A/Resources/libGIF.dylib
0x0000000044e8c000 	/System/Library/Frameworks/ImageIO.framework/Versions/A/Resources/libJP2.dylib
0x0000000044e8c000 	/System/Library/Frameworks/ImageIO.framework/Versions/A/Resources/libRadiance.dylib
0x0000000044e8c000 	/usr/lib/libcompression.dylib
0x0000000044e8c000 	/System/Library/PrivateFrameworks/AppleJPEG.framework/Versions/A/AppleJPEG
0x0000000044e8c000 	/usr/lib/libcups.2.dylib
0x0000000044e8c000 	/System/Library/Frameworks/Kerberos.framework/Versions/A/Kerberos
0x0000000044e8c000 	/System/Library/Frameworks/GSS.framework/Versions/A/GSS
0x0000000044e8c000 	/usr/lib/libresolv.9.dylib
0x0000000044e8c000 	/usr/lib/libiconv.2.dylib
0x0000000044e8c000 	/System/Library/PrivateFrameworks/Heimdal.framework/Versions/A/Heimdal
0x0000000044e8c000 	/usr/lib/libheimdal-asn1.dylib
0x0000000044e8c000 	/System/Library/Frameworks/OpenDirectory.framework/Versions/A/OpenDirectory
0x0000000044e8c000 	/System/Library/PrivateFrameworks/CommonAuth.framework/Versions/A/CommonAuth
0x0000000044e8c000 	/System/Library/Frameworks/OpenDirectory.framework/Versions/A/Frameworks/CFOpenDirectory.framework/Versions/A/CFOpenDirectory
0x0000000044e8c000 	/System/Library/Frameworks/SecurityFoundation.framework/Versions/A/SecurityFoundation
0x0000000044e8c000 	/System/Library/PrivateFrameworks/LanguageModeling.framework/Versions/A/LanguageModeling
0x0000000044e8c000 	/usr/lib/libmarisa.dylib
0x0000000044e8c000 	/usr/lib/libChineseTokenizer.dylib
0x0000000044e8c000 	/usr/lib/libcmph.dylib
0x0000000044e8c000 	/System/Library/PrivateFrameworks/CoreEmoji.framework/Versions/A/CoreEmoji
0x0000000044e8c000 	/System/Library/Frameworks/ServiceManagement.framework/Versions/A/ServiceManagement
0x0000000044e8c000 	/usr/lib/libxslt.1.dylib
0x0000000044e8c000 	/System/Library/Frameworks/Carbon.framework/Versions/A/Frameworks/Ink.framework/Versions/A/Ink
0x0000000044e8c000 	/System/Library/PrivateFrameworks/TextureIO.framework/Versions/A/TextureIO
0x0000000044e8c000 	/System/Library/Frameworks/Metal.framework/Versions/A/Metal
0x0000000044e8c000 	/usr/lib/libate.dylib
0x0000000044e8c000 	/System/Library/PrivateFrameworks/GPUCompiler.framework/libmetal_timestamp.dylib
0x0000000044e8c000 	/System/Library/Frameworks/OpenGL.framework/Versions/A/Libraries/libCoreFSCache.dylib
0x0000000044e8c000 	/System/Library/PrivateFrameworks/IOAccelerator.framework/Versions/A/IOAccelerator
0x0000000044e8c000 	/System/Library/Frameworks/CoreVideo.framework/Versions/A/CoreVideo
0x0000000044e8c000 	/usr/lib/libFosl_dynamic.dylib
0x0000000044e8c000 	/System/Library/PrivateFrameworks/MetalPerformanceShaders.framework/Versions/A/MetalPerformanceShaders
0x0000000044e8c000 	/System/Library/PrivateFrameworks/FaceCore.framework/Versions/A/FaceCore
0x0000000044e8c000 	/System/Library/Frameworks/OpenCL.framework/Versions/A/OpenCL
0x0000000044e8c000 	/System/Library/Frameworks/OpenGL.framework/Versions/A/Libraries/libGLU.dylib
0x0000000044e8c000 	/System/Library/Frameworks/OpenGL.framework/Versions/A/Libraries/libGFXShared.dylib
0x0000000044e8c000 	/System/Library/Frameworks/OpenGL.framework/Versions/A/Libraries/libGL.dylib
0x0000000044e8c000 	/System/Library/Frameworks/OpenGL.framework/Versions/A/Libraries/libGLImage.dylib
0x0000000044e8c000 	/System/Library/Frameworks/OpenGL.framework/Versions/A/Libraries/libCVMSPluginSupport.dylib
0x0000000044e8c000 	/System/Library/Frameworks/OpenGL.framework/Versions/A/Libraries/libCoreVMClient.dylib
0x0000000044e8c000 	/System/Library/PrivateFrameworks/CrashReporterSupport.framework/Versions/A/CrashReporterSupport
0x0000000044e8c000 	/System/Library/PrivateFrameworks/Sharing.framework/Versions/A/Sharing
0x0000000044e8c000 	/System/Library/PrivateFrameworks/IconServices.framework/Versions/A/IconServices
0x0000000044e8c000 	/System/Library/PrivateFrameworks/ProtocolBuffer.framework/Versions/A/ProtocolBuffer
0x0000000044e8c000 	/System/Library/PrivateFrameworks/Apple80211.framework/Versions/A/Apple80211
0x0000000044e8c000 	/System/Library/Frameworks/CoreWLAN.framework/Versions/A/CoreWLAN
0x0000000044e8c000 	/System/Library/PrivateFrameworks/CoreUtils.framework/Versions/A/CoreUtils
0x0000000044e8c000 	/System/Library/Frameworks/IOBluetooth.framework/Versions/A/IOBluetooth
0x0000000044e8c000 	/System/Library/PrivateFrameworks/CoreWiFi.framework/Versions/A/CoreWiFi
0x0000000044e8c000 	/System/Library/Frameworks/CoreBluetooth.framework/Versions/A/CoreBluetooth
0x0000000044e8c000 	/System/Library/Frameworks/CoreDisplay.framework/Versions/A/CoreDisplay
0x0000000044e8c000 	/System/Library/PrivateFrameworks/IOPresentment.framework/Versions/A/IOPresentment
0x0000000044e8c000 	/System/Library/PrivateFrameworks/DebugSymbols.framework/Versions/A/DebugSymbols
0x0000000044e8c000 	/System/Library/PrivateFrameworks/CoreSymbolication.framework/Versions/A/CoreSymbolication
0x0000000044e8c000 	/System/Library/PrivateFrameworks/Symbolication.framework/Versions/A/Symbolication
0x0000000044e8c000 	/System/Library/PrivateFrameworks/AppleFSCompression.framework/Versions/A/AppleFSCompression
0x0000000044e8c000 	/System/Library/PrivateFrameworks/SpeechRecognitionCore.framework/Versions/A/SpeechRecognitionCore
0x0000000044e8c000 	/System/Library/PrivateFrameworks/ChunkingLibrary.framework/Versions/A/ChunkingLibrary
0x000000010b800000 	/Library/Java/JavaVirtualMachines/jdk1.8.0_111.jdk/Contents/Home/jre/lib/server/libjvm.dylib
0x000000010c7a1000 	/usr/lib/libstdc++.6.dylib
0x000000010a7b5000 	/Library/Java/JavaVirtualMachines/jdk1.8.0_111.jdk/Contents/Home/jre/lib/libverify.dylib
0x000000010a7c3000 	/Library/Java/JavaVirtualMachines/jdk1.8.0_111.jdk/Contents/Home/jre/lib/libjava.dylib
0x000000010c862000 	/Library/Java/JavaVirtualMachines/jdk1.8.0_111.jdk/Contents/Home/jre/lib/libzip.dylib
0x00000001108f9000 	/System/Library/Frameworks/JavaVM.framework/Frameworks/JavaRuntimeSupport.framework/JavaRuntimeSupport
0x0000000110913000 	/System/Library/Frameworks/JavaVM.framework/Versions/A/Frameworks/JavaNativeFoundation.framework/Versions/A/JavaNativeFoundation
0x0000000110928000 	/System/Library/Frameworks/JavaVM.framework/Versions/A/JavaVM
0x0000000044e8c000 	/System/Library/Frameworks/Carbon.framework/Versions/A/Carbon
0x0000000110935000 	/System/Library/PrivateFrameworks/JavaLaunching.framework/Versions/A/JavaLaunching
0x0000000044e8c000 	/System/Library/Frameworks/Carbon.framework/Versions/A/Frameworks/CommonPanels.framework/Versions/A/CommonPanels
0x0000000044e8c000 	/System/Library/Frameworks/Carbon.framework/Versions/A/Frameworks/Help.framework/Versions/A/Help
0x0000000044e8c000 	/System/Library/Frameworks/Carbon.framework/Versions/A/Frameworks/ImageCapture.framework/Versions/A/ImageCapture
0x0000000044e8c000 	/System/Library/Frameworks/Carbon.framework/Versions/A/Frameworks/OpenScripting.framework/Versions/A/OpenScripting
0x0000000044e8c000 	/System/Library/Frameworks/Carbon.framework/Versions/A/Frameworks/Print.framework/Versions/A/Print
0x0000000044e8c000 	/System/Library/Frameworks/Carbon.framework/Versions/A/Frameworks/SecurityHI.framework/Versions/A/SecurityHI
0x0000000112a22000 	/Library/Java/JavaVirtualMachines/jdk1.8.0_111.jdk/Contents/Home/jre/lib/libmanagement.dylib
0x0000000112a30000 	/Library/Java/JavaVirtualMachines/jdk1.8.0_111.jdk/Contents/Home/jre/lib/libnet.dylib
0x0000000112a8f000 	/Library/Java/JavaVirtualMachines/jdk1.8.0_111.jdk/Contents/Home/jre/lib/libnio.dylib

VM Arguments:
java_command: target/consamables.jar server config.yml
java_class_path (initial): target/consamables.jar
Launcher Type: SUN_STANDARD

Environment Variables:
PATH=/usr/local/bin:/usr/bin:/bin:/usr/sbin:/sbin:/Applications/Postgres.app/Contents/Versions/9.6/bin
SHELL=/bin/zsh

Signal Handlers:
SIGSEGV: [libjvm.dylib+0x5b03ed], sa_mask[0]=11111111011111110111111111111111, sa_flags=SA_ONSTACK|SA_RESTART|SA_SIGINFO
SIGBUS: [libjvm.dylib+0x5b03ed], sa_mask[0]=11111111011111110111111111111111, sa_flags=SA_RESTART|SA_SIGINFO
SIGFPE: [libjvm.dylib+0x48711c], sa_mask[0]=11111111011111110111111111111111, sa_flags=SA_RESTART|SA_SIGINFO
SIGPIPE: [libjvm.dylib+0x48711c], sa_mask[0]=11111111011111110111111111111111, sa_flags=SA_RESTART|SA_SIGINFO
SIGXFSZ: [libjvm.dylib+0x48711c], sa_mask[0]=11111111011111110111111111111111, sa_flags=SA_RESTART|SA_SIGINFO
SIGILL: [libjvm.dylib+0x48711c], sa_mask[0]=11111111011111110111111111111111, sa_flags=SA_RESTART|SA_SIGINFO
SIGUSR1: SIG_DFL, sa_mask[0]=00000000000000000000000000000000, sa_flags=SA_RESTART
SIGUSR2: [libjvm.dylib+0x486c3a], sa_mask[0]=00000000000000000000000000000000, sa_flags=SA_RESTART|SA_SIGINFO
SIGHUP: [libjvm.dylib+0x485211], sa_mask[0]=11111111011111110111111111111111, sa_flags=SA_RESTART|SA_SIGINFO
SIGINT: [libjvm.dylib+0x485211], sa_mask[0]=11111111011111110111111111111111, sa_flags=SA_RESTART|SA_SIGINFO
SIGTERM: [libjvm.dylib+0x485211], sa_mask[0]=11111111011111110111111111111111, sa_flags=SA_RESTART|SA_SIGINFO
SIGQUIT: [libjvm.dylib+0x485211], sa_mask[0]=11111111011111110111111111111111, sa_flags=SA_RESTART|SA_SIGINFO


---------------  S Y S T E M  ---------------

OS:Bsduname:Darwin 16.3.0 Darwin Kernel Version 16.3.0: Thu Nov 17 20:23:58 PST 2016; root:xnu-3789.31.2~1/RELEASE_X86_64 x86_64
rlimit: STACK 8192k, CORE 0k, NPROC 709, NOFILE 10240, AS infinity
load average:1.74 1.50 1.52

CPU:total 8 (4 cores per cpu, 2 threads per core) family 6 model 94 stepping 3, cmov, cx8, fxsr, mmx, sse, sse2, sse3, ssse3, sse4.1, sse4.2, popcnt, avx, avx2, aes, clmul, erms, rtm, 3dnowpref, lzcnt, ht, tsc, tscinvbit, bmi1, bmi2, adx

Memory: 4k page, physical 16777216k(3794072k free)

/proc/meminfo:


vm_info: Java HotSpot(TM) 64-Bit Server VM (25.111-b14) for bsd-amd64 JRE (1.8.0_111-b14), built on Sep 22 2016 15:31:41 by "java_re" with gcc 4.2.1 (Based on Apple Inc. build 5658) (LLVM build 2336.11.00)

time: Wed Dec 21 14:03:43 2016
elapsed time: 4477 seconds (0d 1h 14m 37s)

